Using pre-set license
Built from '2020.3/release' branch; Version is '2020.3.7f1 (dd97f2c94397) revision 14522354'; Using compiler version '192528614'; Build Type 'Release'
OS: 'Windows 10 Home; OS build 19042.1288; Version 2009; 64bit' Language: 'tr' Physical Memory: 16326 MB
BatchMode: 1, IsHumanControllingUs: 0, StartBugReporterOnCrash: 0, Is64bit: 1, IsPro: 0

 COMMAND LINE ARGUMENTS:
C:\Program Files\Unity\Hub\Editor\2020.3.7f1\Editor\Unity.exe
-adb2
-batchMode
-noUpm
-name
AssetImportWorker0
-projectPath
C:/Users/dogan/Desktop/Unity/Zombie Crasher
-logFile
Logs/AssetImportWorker0.log
-srvPort
53007
Successfully changed project path to: C:/Users/dogan/Desktop/Unity/Zombie Crasher
C:/Users/dogan/Desktop/Unity/Zombie Crasher
Using Asset Import Pipeline V2.
Refreshing native plugins compatible for Editor in 45.10 ms, found 0 plugins.
Preloading 0 native plugins for Editor in 0.00 ms.
Initialize engine version: 2020.3.7f1 (dd97f2c94397)
[Subsystems] Discovering subsystems at path C:/Program Files/Unity/Hub/Editor/2020.3.7f1/Editor/Data/Resources/UnitySubsystems
[Subsystems] Discovering subsystems at path C:/Users/dogan/Desktop/Unity/Zombie Crasher/Assets
GfxDevice: creating device client; threaded=0
Direct3D:
    Version:  Direct3D 11.0 [level 11.1]
    Renderer: NVIDIA GeForce RTX 2060 SUPER (ID=0x1f06)
    Vendor:   
    VRAM:     8031 MB
    Driver:   30.0.14.9613
Initialize mono
Mono path[0] = 'C:/Program Files/Unity/Hub/Editor/2020.3.7f1/Editor/Data/Managed'
Mono path[1] = 'C:/Program Files/Unity/Hub/Editor/2020.3.7f1/Editor/Data/MonoBleedingEdge/lib/mono/unityjit'
Mono config path = 'C:/Program Files/Unity/Hub/Editor/2020.3.7f1/Editor/Data/MonoBleedingEdge/etc'
Using monoOptions --debugger-agent=transport=dt_socket,embedding=1,server=y,suspend=n,address=127.0.0.1:56808
Begin MonoManager ReloadAssembly
Registering precompiled unity dll's ...
Register platform support module: C:/Program Files/Unity/Hub/Editor/2020.3.7f1/Editor/Data/PlaybackEngines/WebGLSupport/UnityEditor.WebGL.Extensions.dll
Register platform support module: C:/Program Files/Unity/Hub/Editor/2020.3.7f1/Editor/Data/PlaybackEngines/WindowsStandaloneSupport/UnityEditor.WindowsStandalone.Extensions.dll
Registered in 0.001999 seconds.
Native extension for WindowsStandalone target not found
Native extension for WebGL target not found
Refreshing native plugins compatible for Editor in 35.86 ms, found 0 plugins.
Preloading 0 native plugins for Editor in 0.00 ms.
Mono: successfully reloaded assembly
- Completed reload, in  1.520 seconds
Platform modules already initialized, skipping
Registering precompiled user dll's ...
Registered in 0.001967 seconds.
Begin MonoManager ReloadAssembly
Native extension for WindowsStandalone target not found
Native extension for WebGL target not found
Refreshing native plugins compatible for Editor in 0.52 ms, found 0 plugins.
Preloading 0 native plugins for Editor in 0.00 ms.
Mono: successfully reloaded assembly
- Completed reload, in  0.750 seconds
Platform modules already initialized, skipping
========================================================================
Worker process is ready to serve import requests
Launched and connected shader compiler UnityShaderCompiler.exe after 0.03 seconds
Refreshing native plugins compatible for Editor in 0.54 ms, found 0 plugins.
Preloading 0 native plugins for Editor in 0.00 ms.
Unloading 1669 Unused Serialized files (Serialized files now loaded: 0)
System memory in use before: 73.5 MB.
System memory in use after: 73.6 MB.

Unloading 49 unused Assets to reduce memory usage. Loaded Objects now: 2088.
Total: 4.449200 ms (FindLiveObjects: 0.185800 ms CreateObjectMapping: 0.064300 ms MarkObjects: 4.126400 ms  DeleteObjects: 0.071800 ms)

========================================================================
Received Import Request.
  path: Assets/Scripts
  artifactKey: Guid(c46b76bbcb2014deeb372d1162f18875) Importer(815301076,1909f56bfc062723c751e8b465ee728b)
Start importing Assets/Scripts using Guid(c46b76bbcb2014deeb372d1162f18875) Importer(815301076,1909f56bfc062723c751e8b465ee728b)  -> (artifact id: '570e076707d66fbe77f38752dbac6818') in 0.006833 seconds
  Import took 0.009022 seconds .

========================================================================
Received Import Request.
  Time since last request: 0.000315 seconds.
  path: Assets/Scripts/Player Scripts
  artifactKey: Guid(8a6cde2cca10c4c90a88b416534e557f) Importer(815301076,1909f56bfc062723c751e8b465ee728b)
Start importing Assets/Scripts/Player Scripts using Guid(8a6cde2cca10c4c90a88b416534e557f) Importer(815301076,1909f56bfc062723c751e8b465ee728b)  -> (artifact id: 'f6765813500b9fdb4530235b5fb11b18') in 0.007176 seconds
  Import took 0.014405 seconds .

========================================================================
Received Import Request.
  Time since last request: 0.630071 seconds.
  path: Assets/Scripts/Player Scripts/PlayerController.cs
  artifactKey: Guid(4ccdcaa6702f3415fa5acdc2dc9137be) Importer(815301076,1909f56bfc062723c751e8b465ee728b)
Start importing Assets/Scripts/Player Scripts/PlayerController.cs using Guid(4ccdcaa6702f3415fa5acdc2dc9137be) Importer(815301076,1909f56bfc062723c751e8b465ee728b)  -> (artifact id: '1a2cad14516199ad1fd4eb862efe1925') in 0.031337 seconds
  Import took 0.033757 seconds .

========================================================================
Received Import Request.
  Time since last request: 0.002286 seconds.
  path: Assets/Scripts/Player Scripts/PlayerController.cs
  artifactKey: Guid(4ccdcaa6702f3415fa5acdc2dc9137be) Importer(815301076,1909f56bfc062723c751e8b465ee728b)
Start importing Assets/Scripts/Player Scripts/PlayerController.cs using Guid(4ccdcaa6702f3415fa5acdc2dc9137be) Importer(815301076,1909f56bfc062723c751e8b465ee728b)  -> (artifact id: '1a2cad14516199ad1fd4eb862efe1925') in 0.002363 seconds
  Import took 0.004928 seconds .

AssetImportWorkerClient::OnTransportError - code=2 error=End of file
